[2024-01-10 14:02:49.896 INFO  background-preinit][org.hibernate.validator.internal.util.Version] HV000001: Hibernate Validator 8.0.0.Final
[2024-01-10 14:02:49.943 INFO  restartedMain][com.green.board8.Board8Application] Starting Board8Application using Java 17.0.9 with PID 12224 (C:\Users\zkti1\IdeaProjects\springBoard8\target\classes started by zkti1 in C:\Users\zkti1\IdeaProjects\springBoard8)
[2024-01-10 14:02:49.945 INFO  restartedMain][com.green.board8.Board8Application] No active profile set, falling back to 1 default profile: "default"
[2024-01-10 14:02:50.014 INFO  restartedMain][org.springframework.boot.devtools.env.DevToolsPropertyDefaultsPostProcessor] Devtools property defaults active! Set 'spring.devtools.add-properties' to 'false' to disable
[2024-01-10 14:02:50.014 INFO  restartedMain][org.springframework.boot.devtools.env.DevToolsPropertyDefaultsPostProcessor] For additional web related logging consider setting the 'logging.level.web' property to 'DEBUG'
[2024-01-10 14:02:51.708 INFO  restartedMain][org.springframework.boot.web.embedded.tomcat.TomcatWebServer] Tomcat initialized with port(s): 8080 (http)
[2024-01-10 14:02:51.716 INFO  restartedMain][org.apache.coyote.http11.Http11NioProtocol] Initializing ProtocolHandler ["http-nio-8080"]
[2024-01-10 14:02:51.718 INFO  restartedMain][org.apache.catalina.core.StandardService] Starting service [Tomcat]
[2024-01-10 14:02:51.718 INFO  restartedMain][org.apache.catalina.core.StandardEngine] Starting Servlet engine: [Apache Tomcat/10.1.11]
[2024-01-10 14:02:51.783 INFO  restartedMain][org.apache.catalina.core.ContainerBase.[Tomcat].[localhost].[/]] Initializing Spring embedded WebApplicationContext
[2024-01-10 14:02:51.785 INFO  restartedMain][org.springframework.boot.web.servlet.context.ServletWebServerApplicationContext] Root WebApplicationContext: initialization completed in 1767 ms
[2024-01-10 14:02:52.654 INFO  restartedMain][org.springframework.boot.devtools.autoconfigure.OptionalLiveReloadServer] LiveReload server is running on port 35729
[2024-01-10 14:02:52.671 INFO  restartedMain][org.apache.coyote.http11.Http11NioProtocol] Starting ProtocolHandler ["http-nio-8080"]
[2024-01-10 14:02:52.691 INFO  restartedMain][org.springframework.boot.web.embedded.tomcat.TomcatWebServer] Tomcat started on port(s): 8080 (http) with context path ''
[2024-01-10 14:02:52.702 INFO  restartedMain][com.green.board8.Board8Application] Started Board8Application in 3.41 seconds (process running for 7.045)
[2024-01-10 14:03:08.117 INFO  http-nio-8080-exec-1][org.apache.catalina.core.ContainerBase.[Tomcat].[localhost].[/]] Initializing Spring DispatcherServlet 'dispatcherServlet'
[2024-01-10 14:03:08.118 INFO  http-nio-8080-exec-1][org.springframework.web.servlet.DispatcherServlet] Initializing Servlet 'dispatcherServlet'
[2024-01-10 14:03:08.119 INFO  http-nio-8080-exec-1][org.springframework.web.servlet.DispatcherServlet] Completed initialization in 1 ms
[2024-01-10 14:03:08.136 WARN  http-nio-8080-exec-1][org.springframework.web.servlet.PageNotFound] No mapping for GET /
[2024-01-10 14:03:08.225 WARN  http-nio-8080-exec-2][org.springframework.web.servlet.PageNotFound] No mapping for GET /favicon.ico
[2024-01-10 14:03:20.254 INFO  http-nio-8080-exec-9][org.springdoc.api.AbstractOpenApiResource] Init duration for springdoc-openapi is: 258 ms
